<?xml version="1.0" encoding="UTF-8"?>
<!-- Generated by org.testng.reporters.JUnitReportReporter -->
<testsuite hostname="Teena" failures="0" tests="2" name="com.training.testng.LoginTest" time="8.894" errors="0" timestamp="2024-05-17T12:44:10 EDT" skipped="0">
  <testcase classname="com.training.testng.LoginTest" name="logIntoApplicationWithInvalidUsername" time="5.070"/>
  <system-out/>
  <testcase classname="com.training.testng.LoginTest" name="logIntoApplication" time="3.824"/>
  <system-out/>
</testsuite> <!-- com.training.testng.LoginTest -->
