<?xml version="1.0" encoding="UTF-8"?>
<!-- Generated by org.testng.reporters.JUnitReportReporter -->
<testsuite hostname="Teena" failures="0" tests="3" name="com.training.testng.DataProviderDemo" time="0.005" errors="0" timestamp="2024-05-20T09:22:17 EDT" skipped="0">
  <testcase classname="com.training.testng.DataProviderDemo" name="sampleTest" time="0.004"/>
  <system-out/>
  <testcase classname="com.training.testng.DataProviderDemo" name="sampleTest" time="0.001"/>
  <system-out/>
  <testcase classname="com.training.testng.DataProviderDemo" name="sampleTest" time="0.000"/>
  <system-out/>
</testsuite> <!-- com.training.testng.DataProviderDemo -->
