<?xml version="1.0" encoding="UTF-8"?>
<!-- Generated by org.testng.reporters.JUnitReportReporter -->
<testsuite hostname="Teena" failures="0" tests="3" name="com.training.testng.FactoryDemoForDataDrivenTesting" time="0.014" errors="0" timestamp="2024-05-20T09:35:37 EDT" skipped="0">
  <testcase classname="com.training.testng.FactoryDemoForDataDrivenTesting" name="sampleTest" time="0.001"/>
  <system-out/>
  <testcase classname="com.training.testng.FactoryDemoForDataDrivenTesting" name="sampleTest" time="0.001"/>
  <system-out/>
  <testcase classname="com.training.testng.FactoryDemoForDataDrivenTesting" name="sampleTest" time="0.012"/>
  <system-out/>
</testsuite> <!-- com.training.testng.FactoryDemoForDataDrivenTesting -->
